0.890929 98
0.169062 1
4.543007 1
0.158641 184
0.129347 1
4.663206 1
0.120541 4
0.743115 4
0.160170 1
0.119795 1
0.120347 1
0.129053 1
0.134609 1
20.263861 1
0.111897 1
0.072157 1
0.119989 1
0.232088 4
0.272716 4
0.136975 4
0.095225 1
0.807010 1
0.096042 1
0.151995 1
0.472143 1
0.345113 1
0.179719 1
0.939282 1
0.111904 1
0.090244 4
0.790377 4
0.128813 4
0.121082 4
0.117780 4
0.127970 4
0.127827 4
0.124184 4
0.131564 4
0.128015 1
0.103807 1
0.265441 1
0.094756 1
0.136422 1
0.079471 1
0.456132 1
0.247957 1
0.201654 1
0.142793 1
0.168544 1
0.137398 4
0.422264 4
0.127675 4
0.111687 4
0.113287 1
0.151307 1
0.559705 1
0.271746 1
0.121841 1
0.104779 1
1.557558 1
0.167906 1
0.744326 1
0.007622 1
0.144649 1
0.151070 1
0.160283 1
0.184727 1
0.069365 1
0.157437 19
0.676694 19
0.136348 19
0.144962 19
0.119048 1
0.103444 15
0.208704 15
0.144124 15
0.535793 15
0.151988 15
0.127375 17
0.152441 117
0.202091 1
1.437309 1
0.167768 1
0.144188 1
0.656690 1
0.199312 3
0.067830 1
0.612281 1
0.111995 1
0.088406 1
0.082639 1
0.940984 1
0.173487 4
1.018641 4
0.500682 4
0.031075 4
0.031304 4
0.030058 4
0.030790 4
0.030577 4
0.030642 4
0.030408 4
0.031360 4
0.031492 4
0.029834 4
0.029968 1
0.029924 1
0.029971 1
0.030043 1
0.031085 1
0.030370 1
0.031742 1
0.210621 1
0.375946 1
0.128797 1
0.183166 1
0.007678 4
0.472527 1
0.256089 1
0.176017 1
0.639799 1
0.345514 3
0.114399 1
0.459998 1
0.129759 1
0.102254 1
0.091425 1
0.869459 1
0.232332 1
0.431516 1
0.079354 1
0.118877 2
0.000076 114
0.554954 98
0.000366 1
2.165607 1
0.135884 1
0.113183 1
0.087114 1
0.289084 1
3.384044 1
0.126705 1
0.744031 1
0.215796 15
3.346854 28
0.663757 2
2.786086 15
0.058417 73
0.000430 31
0.000244 4
0.002586 2041
0.000359 2031
0.000199 2036
0.000145 2028
0.000119 1433
0.000106 100
0.013099 24
1.644619 1128
0.003295 1
0.656191 39
0.399500 19
0.240322 3656
0.146446 36
0.685121 19
0.232553 51
0.224649 98
0.000344 1
536.535553 1
0.231613 1
0.176488 1
0.143806 8
